#
# A fatal error has been detected by the Java Runtime Environment:
#
#  EXCEPTION_UNCAUGHT_CXX_EXCEPTION (0xe06d7363) at pc=0x00007ff9f4933c58, pid=8960, tid=9548
#
# JRE version: Java(TM) SE Runtime Environment (7.0_80-b15) (build 1.7.0_80-b15)
# Java VM: Java HotSpot(TM) 64-Bit Server VM (24.80-b11 mixed mode windows-amd64 compressed oops)
# Problematic frame:
# C  [KERNELBASE.dll+0x33c58]
#
# Failed to write core dump. Minidumps are not enabled by default on client versions of Windows
#
# If you would like to submit a bug report, please visit:
#   http://bugreport.java.com/bugreport/crash.jsp
# The crash happened outside the Java Virtual Machine in native code.
# See problematic frame for where to report the bug.
#

---------------  T H R E A D  ---------------

Current thread (0x0000000002df0800):  JavaThread "main" [_thread_in_native, id=9548, stack(0x00000000029a0000,0x0000000002aa0000)]

siginfo: ExceptionCode=0xe06d7363, ExceptionInformation=0x0000000019930520 0x0000000002a9ed70 0x00007ff9e6a854a0 0x00007ff9e6a40000 

Registers:
RAX=0x0000000000000001, RBX=0x00007ff9e6a854a0, RCX=0x0000000000000000, RDX=0x0000000000f10000
RSP=0x0000000002a9ebf0, RBP=0x0000000002a9ed30, RSI=0x0000000002a9f100, RDI=0x0000000002a9ed70
R8 =0x0000000000000000, R9 =0x0000000000000000, R10=0x0000000000000000, R11=0x0000000000000000
R12=0x0000000002a9f248, R13=0x0000000002a9f218, R14=0x0000000000000000, R15=0x0000000000f1e448
RIP=0x00007ff9f4933c58, EFLAGS=0x0000000000000202

Top of Stack: (sp=0x0000000002a9ebf0)
0x0000000002a9ebf0:   00007ff9d5e7c500 00007ff9e6a854a0
0x0000000002a9ec00:   0000000002a9f100 0000000002a9ed70
0x0000000002a9ec10:   00000001e06d7363 0000000000000000
0x0000000002a9ec20:   00007ff9f4933c58 00007ff900000004
0x0000000002a9ec30:   0000000019930520 0000000002a9ed70
0x0000000002a9ec40:   00007ff9e6a854a0 00007ff9e6a40000
0x0000000002a9ec50:   0000000002a9f218 0000000002a9f248
0x0000000002a9ec60:   0000000002a9ed70 0000000002a9f100
0x0000000002a9ec70:   0000000002a9ed30 00007ff9f821c26f
0x0000000002a9ec80:   0000000002a9ed40 0000000000000000
0x0000000002a9ec90:   0000000000000023 0000000002a9ed70
0x0000000002a9eca0:   00007ff9e6a8a000 00007ff9e6a40000
0x0000000002a9ecb0:   0000e9c789687e79 0000000000000023
0x0000000002a9ecc0:   00007ff9e6a854a0 00007ff9d5dfef63
0x0000000002a9ecd0:   00007ff9e6a76930 00007ff9d5dfd3ea
0x0000000002a9ece0:   00007ff9e6a76930 0000000002a9ed70 

Instructions: (pc=0x00007ff9f4933c58)
0x00007ff9f4933c38:   49 8b d1 44 0f 47 c0 44 89 44 24 38 49 c1 e0 03
0x00007ff9f4933c48:   e8 47 90 04 00 48 8d 4c 24 20 ff 15 20 44 11 00
0x00007ff9f4933c58:   48 8b 8c 24 c0 00 00 00 48 33 cc e8 d8 55 04 00
0x00007ff9f4933c68:   48 81 c4 d8 00 00 00 c3 83 64 24 38 00 eb d6 cc 


Register to memory mapping:

RAX=0x0000000000000001 is an unknown value
RBX=0x00007ff9e6a854a0 is an unknown value
RCX=0x0000000000000000 is an unknown value
RDX=0x0000000000f10000 is an unknown value
RSP=0x0000000002a9ebf0 is pointing into the stack for thread: 0x0000000002df0800
RBP=0x0000000002a9ed30 is pointing into the stack for thread: 0x0000000002df0800
RSI=0x0000000002a9f100 is pointing into the stack for thread: 0x0000000002df0800
RDI=0x0000000002a9ed70 is pointing into the stack for thread: 0x0000000002df0800
R8 =0x0000000000000000 is an unknown value
R9 =0x0000000000000000 is an unknown value
R10=0x0000000000000000 is an unknown value
R11=0x0000000000000000 is an unknown value
R12=0x0000000002a9f248 is pointing into the stack for thread: 0x0000000002df0800
R13=0x0000000002a9f218 is pointing into the stack for thread: 0x0000000002df0800
R14=0x0000000000000000 is an unknown value
R15=0x0000000000f1e448 is an unknown value


Stack: [0x00000000029a0000,0x0000000002aa0000],  sp=0x0000000002a9ebf0,  free space=1018k
Native frames: (J=compiled Java code, j=interpreted, Vv=VM code, C=native code)
C  [KERNELBASE.dll+0x33c58]
C  [srl.dll+0x2d90]

Java frames: (J=compiled Java code, j=interpreted, Vv=VM code)
j  edu.hit.ir.ltp4j.SRL.srl(Ljava/util/List;Ljava/util/List;Ljava/util/List;Ljava/util/List;Ljava/util/List;Ljava/util/List;)I+0
j  ltp4jtest.yuyi.main([Ljava/lang/String;)V+222
v  ~StubRoutines::call_stub

---------------  P R O C E S S  ---------------

Java Threads: ( => current thread )
  0x000000000b205000 JavaThread "Service Thread" daemon [_thread_blocked, id=9008, stack(0x000000000c970000,0x000000000ca70000)]
  0x000000000b1fe800 JavaThread "C2 CompilerThread1" daemon [_thread_blocked, id=2480, stack(0x000000000c870000,0x000000000c970000)]
  0x000000000b1f1000 JavaThread "C2 CompilerThread0" daemon [_thread_blocked, id=3244, stack(0x000000000c770000,0x000000000c870000)]
  0x000000000b1ee000 JavaThread "Attach Listener" daemon [_thread_blocked, id=9576, stack(0x000000000c670000,0x000000000c770000)]
  0x000000000b1eb000 JavaThread "Signal Dispatcher" daemon [_thread_blocked, id=6392, stack(0x000000000c570000,0x000000000c670000)]
  0x000000000b19f000 JavaThread "Finalizer" daemon [_thread_blocked, id=10772, stack(0x000000000c470000,0x000000000c570000)]
  0x000000000b195000 JavaThread "Reference Handler" daemon [_thread_blocked, id=200, stack(0x000000000c370000,0x000000000c470000)]
=>0x0000000002df0800 JavaThread "main" [_thread_in_native, id=9548, stack(0x00000000029a0000,0x0000000002aa0000)]

Other Threads:
  0x000000000b190000 VMThread [stack: 0x000000000c270000,0x000000000c370000] [id=3976]
  0x000000000b20e000 WatcherThread [stack: 0x000000000ca70000,0x000000000cb70000] [id=8176]

VM state:not at safepoint (normal execution)

VM Mutex/Monitor currently owned by a thread: None

Heap
 PSYoungGen      total 37888K, used 1966K [0x00000007d6100000, 0x00000007d8b00000, 0x0000000800000000)
  eden space 32768K, 6% used [0x00000007d6100000,0x00000007d62eb9a0,0x00000007d8100000)
  from space 5120K, 0% used [0x00000007d8600000,0x00000007d8600000,0x00000007d8b00000)
  to   space 5120K, 0% used [0x00000007d8100000,0x00000007d8100000,0x00000007d8600000)
 ParOldGen       total 85504K, used 0K [0x0000000782400000, 0x0000000787780000, 0x00000007d6100000)
  object space 85504K, 0% used [0x0000000782400000,0x0000000782400000,0x0000000787780000)
 PSPermGen       total 21504K, used 2749K [0x000000077d200000, 0x000000077e700000, 0x0000000782400000)
  object space 21504K, 12% used [0x000000077d200000,0x000000077d4af430,0x000000077e700000)

Card table byte_map: [0x0000000006000000,0x0000000006420000] byte_map_base: 0x0000000002417000

Polling page: 0x0000000001210000

Code Cache  [0x0000000002f40000, 0x00000000031b0000, 0x0000000005f40000)
 total_blobs=189 nmethods=1 adapters=141 free_code_cache=48765Kb largest_free_block=49919104

Compilation events (2 events):
Event: 0.067 Thread 0x000000000b1f1000    1             java.lang.String::charAt (29 bytes)
Event: 0.071 Thread 0x000000000b1f1000 nmethod 1 0x0000000002fa17d0 code [0x0000000002fa1920, 0x0000000002fa19f8]

GC Heap History (0 events):
No events

Deoptimization events (0 events):
No events

Internal exceptions (4 events):
Event: 0.021 Thread 0x0000000002df0800 Threw 0x00000007d610f628 at C:\re\jdk7u80\2329\hotspot\src\share\vm\prims\jni.cpp:3991
Event: 0.057 Thread 0x0000000002df0800 Threw 0x00000007d6192370 at C:\re\jdk7u80\2329\hotspot\src\share\vm\prims\jvm.cpp:1319
Event: 0.061 Thread 0x0000000002df0800 Threw 0x00000007d6197fc0 at C:\re\jdk7u80\2329\hotspot\src\share\vm\prims\jvm.cpp:1319
Event: 0.073 Thread 0x0000000002df0800 Threw 0x00000007d624d658 at C:\re\jdk7u80\2329\hotspot\src\share\vm\prims\jvm.cpp:1319

Events (10 events):
Event: 0.066 loading class 0x000000000b20d970
Event: 0.066 loading class 0x000000000b20fda0
Event: 0.066 loading class 0x000000000b20fda0 done
Event: 0.066 loading class 0x000000000b20d970 done
Event: 0.067 loading class 0x0000000002e42940
Event: 0.067 loading class 0x0000000002e42940 done
Event: 0.073 loading class 0x0000000002e35b40
Event: 0.073 loading class 0x0000000002e35b40 done
Event: 0.073 loading class 0x000000000b1f5330
Event: 0.073 loading class 0x000000000b1f5330 done


Dynamic libraries:
0x00007ff781860000 - 0x00007ff781893000 	F:\Java\jre7\bin\javaw.exe
0x00007ff9f81d0000 - 0x00007ff9f83a1000 	C:\Windows\SYSTEM32\ntdll.dll
0x00007ff9f5c40000 - 0x00007ff9f5ceb000 	C:\Windows\System32\KERNEL32.DLL
0x00007ff9f4900000 - 0x00007ff9f4b1d000 	C:\Windows\System32\KERNELBASE.dll
0x00007ff9f6b90000 - 0x00007ff9f6c32000 	C:\Windows\System32\ADVAPI32.dll
0x00007ff9f5fd0000 - 0x00007ff9f606e000 	C:\Windows\System32\msvcrt.dll
0x00007ff9f5860000 - 0x00007ff9f58b9000 	C:\Windows\System32\sechost.dll
0x00007ff9f5a20000 - 0x00007ff9f5b41000 	C:\Windows\System32\RPCRT4.dll
0x00007ff9f5cf0000 - 0x00007ff9f5e55000 	C:\Windows\System32\USER32.dll
0x00007ff9f47c0000 - 0x00007ff9f47de000 	C:\Windows\System32\win32u.dll
0x00007ff9f6280000 - 0x00007ff9f62b4000 	C:\Windows\System32\GDI32.dll
0x00007ff9f5200000 - 0x00007ff9f5382000 	C:\Windows\System32\gdi32full.dll
0x00007ff9e6ae0000 - 0x00007ff9e6d5a000 	C:\Windows\WinSxS\amd64_microsoft.windows.common-controls_6595b64144ccf1df_6.0.14393.953_none_42151e83c686086b\COMCTL32.dll
0x00007ff9f68c0000 - 0x00007ff9f6b88000 	C:\Windows\System32\combase.dll
0x00007ff9f46c0000 - 0x00007ff9f47b5000 	C:\Windows\System32\ucrtbase.dll
0x00007ff9f4890000 - 0x00007ff9f48fa000 	C:\Windows\System32\bcryptPrimitives.dll
0x00007ff9f5c10000 - 0x00007ff9f5c3e000 	C:\Windows\System32\IMM32.DLL
0x000000006f820000 - 0x000000006f8f2000 	F:\Java\jre7\bin\msvcr100.dll
0x000000006f040000 - 0x000000006f819000 	F:\Java\jre7\bin\server\jvm.dll
0x00007ff9f6270000 - 0x00007ff9f6278000 	C:\Windows\System32\PSAPI.DLL
0x00007ff9e48c0000 - 0x00007ff9e48c9000 	C:\Windows\SYSTEM32\WSOCK32.dll
0x00007ff9f62c0000 - 0x00007ff9f632a000 	C:\Windows\System32\WS2_32.dll
0x00007ff9f2ab0000 - 0x00007ff9f2ad3000 	C:\Windows\SYSTEM32\WINMM.dll
0x00007ff9f2940000 - 0x00007ff9f296b000 	C:\Windows\SYSTEM32\WINMMBASE.dll
0x00007ff9f5490000 - 0x00007ff9f54d2000 	C:\Windows\System32\cfgmgr32.dll
0x000000006f030000 - 0x000000006f03f000 	F:\Java\jre7\bin\verify.dll
0x000000006f000000 - 0x000000006f028000 	F:\Java\jre7\bin\java.dll
0x000000006efe0000 - 0x000000006eff6000 	F:\Java\jre7\bin\zip.dll
0x00007ff9f1160000 - 0x00007ff9f116b000 	D:\Workspace\ltp4jtest\srl_jni.dll
0x00007ff9e6a40000 - 0x00007ff9e6a8f000 	D:\Workspace\ltp4jtest\srl.dll
0x00007ff9cb6b0000 - 0x00007ff9cb756000 	C:\Windows\SYSTEM32\MSVCP120.dll
0x00007ff9d5da0000 - 0x00007ff9d5e8f000 	C:\Windows\SYSTEM32\MSVCR120.dll
0x00007ff9e25b0000 - 0x00007ff9e2742000 	C:\Windows\SYSTEM32\dbghelp.dll

VM Arguments:
jvm_args: -Dfile.encoding=GBK 
java_command: ltp4jtest.yuyi
Launcher Type: SUN_STANDARD

Environment Variables:
JAVA_HOME=F:\Java\jdk1.7.0_80
CLASSPATH=.;F:\Java\jdk1.7.0_80\lib\dt.jar;F:\Java\jdk1.7.0_80\lib\tools.jar;F:\apache-ant-1.8.3\lib
PATH=F:\mysql-5.6.36-winx64\bin;C:\Program Files (x86)\Intel\iCLS Client\;C:\Program Files\Intel\iCLS Client\;C:\Windows\system32;C:\Windows;C:\Windows\System32\Wbem;C:\Windows\System32\WindowsPowerShell\v1.0\;C:\Program Files (x86)\NVIDIA Corporation\PhysX\Common;C:\Program Files (x86)\Intel\Intel(R) Management Engine Components\DAL;C:\Program Files\Intel\Intel(R) Management Engine Components\DAL;C:\Program Files (x86)\Intel\Intel(R) Management Engine Components\IPT;C:\Program Files\Intel\Intel(R) Management Engine Components\IPT;C:\Program Files\Intel\WiFi\bin\;C:\Program Files\Common Files\Intel\WirelessCommon\;F:\Python27;F:\Java\jdk1.7.0_80\jre\bin;F:\Java\jdk1.7.0_80\bin;F:\MATLAB\R2012a\runtime\win64;F:\MATLAB\R2012a\bin;C:\Program Files (x86)\Windows Kits\8.1\Windows Performance Toolkit\;C:\Program Files\Microsoft SQL Server\110\Tools\Binn\;F:\Python27\Scripts;F:\Git\cmd;F:\puttty\;F:\apache-ant-1.8.3\bin;C:\Users\hasee\AppData\Local\Microsoft\WindowsApps;C:\Program Files\Intel\WiFi\bin\;C:\Program Files\Common Files\Intel\WirelessCommon\
USERNAME=hasee
OS=Windows_NT
PROCESSOR_IDENTIFIER=Intel64 Family 6 Model 158 Stepping 9, GenuineIntel



---------------  S Y S T E M  ---------------

OS: Windows 8.1 , 64 bit Build 9600 

CPU:total 4 (4 cores per cpu, 1 threads per core) family 6 model 158 stepping 9, cmov, cx8, fxsr, mmx, sse, sse2, sse3, ssse3, sse4.1, sse4.2, popcnt, avx, avx2, aes, erms, tsc, tscinvbit

Memory: 4k page, physical 8239896k(3990396k free), swap 9550616k(3446840k free)

vm_info: Java HotSpot(TM) 64-Bit Server VM (24.80-b11) for windows-amd64 JRE (1.7.0_80-b15), built on Apr 10 2015 11:26:34 by "java_re" with unknown MS VC++:1600

time: Fri Aug 11 10:05:28 2017
elapsed time: 0 seconds

